# JRE version: OpenJDK Runtime Environment (8.0_152-b06) (build 1.8.0_152-release-1136-b06)
# Java VM: OpenJDK 64-Bit Server VM (25.152-b06 mixed mode windows-amd64 compressed oops)
Heap:
 PSYoungGen      total 452096K, used 270874K [0x00000000e0000000, 0x0000000100000000, 0x0000000100000000)
  eden space 406528K, 55% used [0x00000000e0000000,0x00000000edc07b70,0x00000000f8d00000)
  from space 45568K, 99% used [0x00000000fd380000,0x00000000fffff048,0x0000000100000000)
  to   space 58880K, 0% used [0x00000000f8d00000,0x00000000f8d00000,0x00000000fc680000)
 ParOldGen       total 189952K, used 160582K [0x00000000a0000000, 0x00000000ab980000, 0x00000000e0000000)
  object space 189952K, 84% used [0x00000000a0000000,0x00000000a9cd1870,0x00000000ab980000)
 Metaspace       used 113952K, capacity 121730K, committed 121984K, reserved 1155072K
  class space    used 14309K, capacity 15979K, committed 16000K, reserved 1048576K
GC Heap History (10 events):
Event: 3431.004 GC heap before
{Heap before GC invocations=36 (full 4):
 PSYoungGen      total 426496K, used 394147K [0x00000000e0000000, 0x0000000100000000, 0x0000000100000000)
  eden space 371200K, 100% used [0x00000000e0000000,0x00000000f6a80000,0x00000000f6a80000)
  from space 55296K, 41% used [0x00000000f6a80000,0x00000000f80e8e00,0x00000000fa080000)
  to   space 52736K, 0% used [0x00000000fcc80000,0x00000000fcc80000,0x0000000100000000)
 ParOldGen       total 189952K, used 132413K [0x00000000a0000000, 0x00000000ab980000, 0x00000000e0000000)
  object space 189952K, 69% used [0x00000000a0000000,0x00000000a814f6c0,0x00000000ab980000)
 Metaspace       used 111401K, capacity 118576K, committed 118912K, reserved 1153024K
  class space    used 14104K, capacity 15649K, committed 15744K, reserved 1048576K
Event: 3431.162 GC heap after
Heap after GC invocations=36 (full 4):
 PSYoungGen      total 463360K, used 12292K [0x00000000e0000000, 0x00000000ffa80000, 0x0000000100000000)
  eden space 416256K, 0% used [0x00000000e0000000,0x00000000e0000000,0x00000000f9680000)
  from space 47104K, 26% used [0x00000000fcc80000,0x00000000fd8812d8,0x00000000ffa80000)
  to   space 51200K, 0% used [0x00000000f9680000,0x00000000f9680000,0x00000000fc880000)
 ParOldGen       total 189952K, used 142867K [0x00000000a0000000, 0x00000000ab980000, 0x00000000e0000000)
  object space 189952K, 75% used [0x00000000a0000000,0x00000000a8b84c00,0x00000000ab980000)
 Metaspace       used 111401K, capacity 118576K, committed 118912K, reserved 1153024K
  class space    used 14104K, capacity 15649K, committed 15744K, reserved 1048576K
}
Event: 3713.228 GC heap before
{Heap before GC invocations=37 (full 4):
 PSYoungGen      total 463360K, used 428548K [0x00000000e0000000, 0x00000000ffa80000, 0x0000000100000000)
  eden space 416256K, 100% used [0x00000000e0000000,0x00000000f9680000,0x00000000f9680000)
  from space 47104K, 26% used [0x00000000fcc80000,0x00000000fd8812d8,0x00000000ffa80000)
  to   space 51200K, 0% used [0x00000000f9680000,0x00000000f9680000,0x00000000fc880000)
 ParOldGen       total 189952K, used 142867K [0x00000000a0000000, 0x00000000ab980000, 0x00000000e0000000)
  object space 189952K, 75% used [0x00000000a0000000,0x00000000a8b84c00,0x00000000ab980000)
 Metaspace       used 112165K, capacity 119712K, committed 119808K, reserved 1153024K
  class space    used 14173K, capacity 15810K, committed 15872K, reserved 1048576K
Event: 3713.283 GC heap after
Heap after GC invocations=37 (full 4):
 PSYoungGen      total 467456K, used 12276K [0x00000000e0000000, 0x0000000100000000, 0x0000000100000000)
  eden space 416256K, 0% used [0x00000000e0000000,0x00000000e0000000,0x00000000f9680000)
  from space 51200K, 23% used [0x00000000f9680000,0x00000000fa27d2c8,0x00000000fc880000)
  to   space 49152K, 0% used [0x00000000fd000000,0x00000000fd000000,0x0000000100000000)
 ParOldGen       total 189952K, used 142875K [0x00000000a0000000, 0x00000000ab980000, 0x00000000e0000000)
  object space 189952K, 75% used [0x00000000a0000000,0x00000000a8b86c00,0x00000000ab980000)
 Metaspace       used 112165K, capacity 119712K, committed 119808K, reserved 1153024K
  class space    used 14173K, capacity 15810K, committed 15872K, reserved 1048576K
}
Event: 3765.021 GC heap before
{Heap before GC invocations=38 (full 4):
 PSYoungGen      total 467456K, used 428532K [0x00000000e0000000, 0x0000000100000000, 0x0000000100000000)
  eden space 416256K, 100% used [0x00000000e0000000,0x00000000f9680000,0x00000000f9680000)
  from space 51200K, 23% used [0x00000000f9680000,0x00000000fa27d2c8,0x00000000fc880000)
  to   space 49152K, 0% used [0x00000000fd000000,0x00000000fd000000,0x0000000100000000)
 ParOldGen       total 189952K, used 142875K [0x00000000a0000000, 0x00000000ab980000, 0x00000000e0000000)
  object space 189952K, 75% used [0x00000000a0000000,0x00000000a8b86c00,0x00000000ab980000)
 Metaspace       used 112370K, capacity 120038K, committed 120320K, reserved 1153024K
  class space    used 14175K, capacity 15811K, committed 15872K, reserved 1048576K
Event: 3765.118 GC heap after
Heap after GC invocations=38 (full 4):
 PSYoungGen      total 465920K, used 20212K [0x00000000e0000000, 0x00000000ff900000, 0x0000000100000000)
  eden space 423936K, 0% used [0x00000000e0000000,0x00000000e0000000,0x00000000f9e00000)
  from space 41984K, 48% used [0x00000000fd000000,0x00000000fe3bd328,0x00000000ff900000)
  to   space 46592K, 0% used [0x00000000f9e00000,0x00000000f9e00000,0x00000000fcb80000)
 ParOldGen       total 189952K, used 142883K [0x00000000a0000000, 0x00000000ab980000, 0x00000000e0000000)
  object space 189952K, 75% used [0x00000000a0000000,0x00000000a8b88c00,0x00000000ab980000)
 Metaspace       used 112370K, capacity 120038K, committed 120320K, reserved 1153024K
  class space    used 14175K, capacity 15811K, committed 15872K, reserved 1048576K
}
Event: 3786.933 GC heap before
{Heap before GC invocations=39 (full 4):
 PSYoungGen      total 465920K, used 444148K [0x00000000e0000000, 0x00000000ff900000, 0x0000000100000000)
  eden space 423936K, 100% used [0x00000000e0000000,0x00000000f9e00000,0x00000000f9e00000)
  from space 41984K, 48% used [0x00000000fd000000,0x00000000fe3bd328,0x00000000ff900000)
  to   space 46592K, 0% used [0x00000000f9e00000,0x00000000f9e00000,0x00000000fcb80000)
 ParOldGen       total 189952K, used 142883K [0x00000000a0000000, 0x00000000ab980000, 0x00000000e0000000)
  object space 189952K, 75% used [0x00000000a0000000,0x00000000a8b88c00,0x00000000ab980000)
 Metaspace       used 112468K, capacity 120118K, committed 120320K, reserved 1153024K
  class space    used 14183K, capacity 15823K, committed 15872K, reserved 1048576K
Event: 3787.026 GC heap after
Heap after GC invocations=39 (full 4):
 PSYoungGen      total 470528K, used 23236K [0x00000000e0000000, 0x0000000100000000, 0x0000000100000000)
  eden space 423936K, 0% used [0x00000000e0000000,0x00000000e0000000,0x00000000f9e00000)
  from space 46592K, 49% used [0x00000000f9e00000,0x00000000fb4b12d8,0x00000000fcb80000)
  to   space 45568K, 0% used [0x00000000fd380000,0x00000000fd380000,0x0000000100000000)
 ParOldGen       total 189952K, used 142883K [0x00000000a0000000, 0x00000000ab980000, 0x00000000e0000000)
  object space 189952K, 75% used [0x00000000a0000000,0x00000000a8b88c00,0x00000000ab980000)
 Metaspace       used 112468K, capacity 120118K, committed 120320K, reserved 1153024K
  class space    used 14183K, capacity 15823K, committed 15872K, reserved 1048576K
}
Event: 3828.444 GC heap before
{Heap before GC invocations=40 (full 4):
 PSYoungGen      total 470528K, used 447172K [0x00000000e0000000, 0x0000000100000000, 0x0000000100000000)
  eden space 423936K, 100% used [0x00000000e0000000,0x00000000f9e00000,0x00000000f9e00000)
  from space 46592K, 49% used [0x00000000f9e00000,0x00000000fb4b12d8,0x00000000fcb80000)
  to   space 45568K, 0% used [0x00000000fd380000,0x00000000fd380000,0x0000000100000000)
 ParOldGen       total 189952K, used 142883K [0x00000000a0000000, 0x00000000ab980000, 0x00000000e0000000)
  object space 189952K, 75% used [0x00000000a0000000,0x00000000a8b88c00,0x00000000ab980000)
 Metaspace       used 113920K, capacity 121656K, committed 121728K, reserved 1155072K
  class space    used 14308K, capacity 15978K, committed 16000K, reserved 1048576K
Event: 3828.843 GC heap after
Heap after GC invocations=40 (full 4):
 PSYoungGen      total 452096K, used 45564K [0x00000000e0000000, 0x0000000100000000, 0x0000000100000000)
  eden space 406528K, 0% used [0x00000000e0000000,0x00000000e0000000,0x00000000f8d00000)
  from space 45568K, 99% used [0x00000000fd380000,0x00000000fffff048,0x0000000100000000)
  to   space 58880K, 0% used [0x00000000f8d00000,0x00000000f8d00000,0x00000000fc680000)
 ParOldGen       total 189952K, used 160582K [0x00000000a0000000, 0x00000000ab980000, 0x00000000e0000000)
  object space 189952K, 84% used [0x00000000a0000000,0x00000000a9cd1870,0x00000000ab980000)
 Metaspace       used 113920K, capacity 121656K, committed 121728K, reserved 1155072K
  class space    used 14308K, capacity 15978K, committed 16000K, reserved 1048576K
}

